<?xml version="1.0" encoding="UTF-8"?>
<!-- Generated by org.testng.reporters.JUnitXMLReporter -->
<testsuite ignored="0" hostname="MAM-PC" failures="0" tests="6" name="Default test" time="46.059" errors="0" timestamp="2024-10-10T22:05:21 MST">
  <testcase classname="testCase.TC003_LoginDDT" name="verify_loginDDT" time="11.321"/>
  <testcase classname="testCase.TC003_LoginDDT" name="verify_loginDDT" time="2.498"/>
  <testcase classname="testCase.TC003_LoginDDT" name="verify_loginDDT" time="2.234"/>
  <testcase classname="testCase.TC003_LoginDDT" name="verify_loginDDT" time="11.141"/>
  <testcase classname="testCase.TC003_LoginDDT" name="verify_loginDDT" time="2.612"/>
  <testcase classname="testCase.TC003_LoginDDT" name="verify_loginDDT" time="11.181"/>
</testsuite> <!-- Default test -->
