<?xml version="1.0" encoding="UTF-8"?>
<testng-results ignored="0" total="1" passed="1" failed="0" skipped="0">
  <reporter-output>
  </reporter-output>
  <suite started-at="2024-10-10T16:19:47 MST" name="Default suite" finished-at="2024-10-10T16:19:53 MST" duration-ms="6588">
    <groups>
    </groups>
    <test started-at="2024-10-10T16:19:47 MST" name="Default test" finished-at="2024-10-10T16:19:53 MST" duration-ms="6588">
      <class name="testCase.TC001_AccoutRegistrationTest">
        <test-method is-config="true" signature="getDriver()[pri:0, instance:testCase.TC001_AccoutRegistrationTest@268f106e]" started-at="2024-10-10T16:19:47 MST" name="getDriver" finished-at="2024-10-10T16:19:51 MST" duration-ms="4106" status="PASS">
          <reporter-output>
          </reporter-output>
        </test-method> <!-- getDriver -->
        <test-method signature="verify_acc_registration()[pri:0, instance:testCase.TC001_AccoutRegistrationTest@268f106e]" started-at="2024-10-10T16:19:51 MST" name="verify_acc_registration" finished-at="2024-10-10T16:19:53 MST" duration-ms="2455" status="PASS">
          <reporter-output>
          </reporter-output>
        </test-method> <!-- verify_acc_registration -->
      </class> <!-- testCase.TC001_AccoutRegistrationTest -->
    </test> <!-- Default test -->
  </suite> <!-- Default suite -->
</testng-results>
